[0m15:51:20.284135 [debug] [MainThread]: Sending event: {'category': 'dbt', 'action': 'invocation', 'label': 'start', 'context': [<snowplow_tracker.self_describing_json.SelfDescribingJson object at 0x763a777d8760>, <snowplow_tracker.self_describing_json.SelfDescribingJson object at 0x763a75ef1720>, <snowplow_tracker.self_describing_json.SelfDescribingJson object at 0x763a75ef16c0>]}


============================== 15:51:20.288243 | 9c1e35e2-4b53-441f-ae47-4922fd23644a ==============================
[0m15:51:20.288243 [info ] [MainThread]: Running with dbt=1.8.0
[0m15:51:20.288792 [debug] [MainThread]: running dbt with arguments {'printer_width': '80', 'indirect_selection': 'eager', 'log_cache_events': 'False', 'write_json': 'True', 'partial_parse': 'True', 'cache_selected_only': 'False', 'warn_error': 'None', 'debug': 'False', 'version_check': 'True', 'log_path': 'logs', 'fail_fast': 'False', 'profiles_dir': '/home/abi/.dbt', 'use_colors': 'True', 'use_experimental_parser': 'False', 'no_print': 'None', 'quiet': 'False', 'log_format': 'default', 'static_parser': 'True', 'invocation_command': 'dbt init', 'introspect': 'True', 'target_path': 'None', 'warn_error_options': 'WarnErrorOptions(include=[], exclude=[])', 'send_anonymous_usage_stats': 'True'}
[0m15:51:43.742447 [debug] [MainThread]: Starter project path: /home/abi/Documents/elt/venv/lib/python3.10/site-packages/dbt/include/starter_project
[0m15:51:43.748364 [info ] [MainThread]: 
Your new dbt project "custom_postgres" was created!

For more information on how to configure the profiles.yml file,
please consult the dbt documentation here:

  https://docs.getdbt.com/docs/configure-your-profile

One more thing:

Need help? Don't hesitate to reach out to us via GitHub issues or on Slack:

  https://community.getdbt.com/

Happy modeling!

[0m15:51:43.749503 [info ] [MainThread]: Setting up your profile.
[0m15:55:31.372908 [info ] [MainThread]: Profile custom_postgres written to /home/abi/.dbt/profiles.yml using target's profile_template.yml and your supplied values. Run 'dbt debug' to validate the connection.
[0m15:55:31.433501 [debug] [MainThread]: Resource report: {"command_name": "init", "command_success": true, "command_wall_clock_time": 251.19766, "process_user_time": 1.248055, "process_kernel_time": 0.060389, "process_mem_max_rss": "87528", "process_in_blocks": "40", "process_out_blocks": "80"}
[0m15:55:31.437142 [debug] [MainThread]: Command `dbt init` succeeded at 15:55:31.436306 after 251.20 seconds
[0m15:55:31.439941 [debug] [MainThread]: Sending event: {'category': 'dbt', 'action': 'invocation', 'label': 'end', 'context': [<snowplow_tracker.self_describing_json.SelfDescribingJson object at 0x763a777d8760>, <snowplow_tracker.self_describing_json.SelfDescribingJson object at 0x763a75468b80>, <snowplow_tracker.self_describing_json.SelfDescribingJson object at 0x763a75ef2fe0>]}
[0m15:55:31.442107 [debug] [MainThread]: Flushing usage events
[0m15:56:19.183758 [debug] [MainThread]: Sending event: {'category': 'dbt', 'action': 'invocation', 'label': 'start', 'context': [<snowplow_tracker.self_describing_json.SelfDescribingJson object at 0x7484870b4820>, <snowplow_tracker.self_describing_json.SelfDescribingJson object at 0x7484859717e0>, <snowplow_tracker.self_describing_json.SelfDescribingJson object at 0x748485971780>]}


============================== 15:56:19.188039 | 58f27833-12b6-401e-92e0-52d296ddbc7c ==============================
[0m15:56:19.188039 [info ] [MainThread]: Running with dbt=1.8.0
[0m15:56:19.188713 [debug] [MainThread]: running dbt with arguments {'printer_width': '80', 'indirect_selection': 'eager', 'log_cache_events': 'False', 'write_json': 'True', 'partial_parse': 'True', 'cache_selected_only': 'False', 'profiles_dir': '/home/abi/.dbt', 'fail_fast': 'False', 'debug': 'False', 'log_path': 'logs', 'version_check': 'True', 'warn_error': 'None', 'use_colors': 'True', 'use_experimental_parser': 'False', 'no_print': 'None', 'quiet': 'False', 'warn_error_options': 'WarnErrorOptions(include=[], exclude=[])', 'static_parser': 'True', 'introspect': 'True', 'invocation_command': 'dbt debug', 'target_path': 'None', 'log_format': 'default', 'send_anonymous_usage_stats': 'True'}
[0m15:56:19.198027 [info ] [MainThread]: dbt version: 1.8.0
[0m15:56:19.198634 [info ] [MainThread]: python version: 3.10.12
[0m15:56:19.199123 [info ] [MainThread]: python path: /home/abi/Documents/elt/venv/bin/python3
[0m15:56:19.199795 [info ] [MainThread]: os info: Linux-6.5.0-28-generic-x86_64-with-glibc2.35
[0m15:56:19.282213 [info ] [MainThread]: Error importing adapter: No module named 'dbt.adapters.snowflake'
[0m15:56:19.283343 [info ] [MainThread]: Using profiles dir at /home/abi/.dbt
[0m15:56:19.283958 [info ] [MainThread]: Using profiles.yml file at /home/abi/.dbt/profiles.yml
[0m15:56:19.284510 [info ] [MainThread]: Using dbt_project.yml file at /home/abi/Documents/elt/dbt_project.yml
[0m15:56:19.285062 [info ] [MainThread]: Configuration:
[0m15:56:19.285579 [info ] [MainThread]:   profiles.yml file [[31mERROR invalid[0m]
[0m15:56:19.286094 [info ] [MainThread]:   dbt_project.yml file [[31mERROR not found[0m]
[0m15:56:19.286617 [info ] [MainThread]: Required dependencies:
[0m15:56:19.287132 [debug] [MainThread]: Executing "git --help"
[0m15:56:19.325270 [debug] [MainThread]: STDOUT: "b"usage: git [--version] [--help] [-C <path>] [-c <name>=<value>]\n           [--exec-path[=<path>]] [--html-path] [--man-path] [--info-path]\n           [-p | --paginate | -P | --no-pager] [--no-replace-objects] [--bare]\n           [--git-dir=<path>] [--work-tree=<path>] [--namespace=<name>]\n           [--super-prefix=<path>] [--config-env=<name>=<envvar>]\n           <command> [<args>]\n\nThese are common Git commands used in various situations:\n\nstart a working area (see also: git help tutorial)\n   clone     Clone a repository into a new directory\n   init      Create an empty Git repository or reinitialize an existing one\n\nwork on the current change (see also: git help everyday)\n   add       Add file contents to the index\n   mv        Move or rename a file, a directory, or a symlink\n   restore   Restore working tree files\n   rm        Remove files from the working tree and from the index\n\nexamine the history and state (see also: git help revisions)\n   bisect    Use binary search to find the commit that introduced a bug\n   diff      Show changes between commits, commit and working tree, etc\n   grep      Print lines matching a pattern\n   log       Show commit logs\n   show      Show various types of objects\n   status    Show the working tree status\n\ngrow, mark and tweak your common history\n   branch    List, create, or delete branches\n   commit    Record changes to the repository\n   merge     Join two or more development histories together\n   rebase    Reapply commits on top of another base tip\n   reset     Reset current HEAD to the specified state\n   switch    Switch branches\n   tag       Create, list, delete or verify a tag object signed with GPG\n\ncollaborate (see also: git help workflows)\n   fetch     Download objects and refs from another repository\n   pull      Fetch from and integrate with another repository or a local branch\n   push      Update remote refs along with associated objects\n\n'git help -a' and 'git help -g' list available subcommands and some\nconcept guides. See 'git help <command>' or 'git help <concept>'\nto read about a specific subcommand or concept.\nSee 'git help git' for an overview of the system.\n""
[0m15:56:19.326298 [debug] [MainThread]: STDERR: "b''"
[0m15:56:19.327433 [info ] [MainThread]:  - git [[32mOK found[0m]

[0m15:56:19.328615 [info ] [MainThread]: Connection test skipped since no profile was found
[0m15:56:19.329561 [info ] [MainThread]: [31m2 checks failed:[0m
[0m15:56:19.330334 [info ] [MainThread]: Could not load dbt_project.yml
Profile loading failed for the following reason:
Runtime Error
  Credentials in profile "data_pipeline", target "dev" invalid: Runtime Error
    Could not find adapter type snowflake!


[0m15:56:19.331149 [info ] [MainThread]: Project loading failed for the following reason:
 project path </home/abi/Documents/elt/dbt_project.yml> not found

[0m15:56:19.332849 [debug] [MainThread]: Resource report: {"command_name": "debug", "command_wall_clock_time": 0.2058528, "process_user_time": 1.387342, "process_kernel_time": 0.060144, "process_mem_max_rss": "88344", "process_out_blocks": "24", "command_success": false, "process_in_blocks": "0"}
[0m15:56:19.334108 [debug] [MainThread]: Command `dbt debug` failed at 15:56:19.333886 after 0.21 seconds
[0m15:56:19.335257 [debug] [MainThread]: Sending event: {'category': 'dbt', 'action': 'invocation', 'label': 'end', 'context': [<snowplow_tracker.self_describing_json.SelfDescribingJson object at 0x7484870b4820>, <snowplow_tracker.self_describing_json.SelfDescribingJson object at 0x748485925d20>, <snowplow_tracker.self_describing_json.SelfDescribingJson object at 0x748485926260>]}
[0m15:56:19.336078 [debug] [MainThread]: Flushing usage events
